1573239825739	mozrunner::runner	INFO	Running command: "C:\\Program Files\\Firefox Developer Edition\\firefox.exe" "-marionette" "-foreground" "-no-remote" "-profile" "C:\\Users\\BHUVAN~1\\AppData\\Local\\Temp\\rust_mozprofile8vZZna"
1573239829072	addons.webextension.screenshots@mozilla.org	WARN	Loading extension 'screenshots@mozilla.org': Reading manifest: Invalid extension permission: mozillaAddons
1573239829073	addons.webextension.screenshots@mozilla.org	WARN	Loading extension 'screenshots@mozilla.org': Reading manifest: Invalid extension permission: telemetry
1573239829073	addons.webextension.screenshots@mozilla.org	WARN	Loading extension 'screenshots@mozilla.org': Reading manifest: Invalid extension permission: resource://pdf.js/
1573239829074	addons.webextension.screenshots@mozilla.org	WARN	Loading extension 'screenshots@mozilla.org': Reading manifest: Invalid extension permission: about:reader*
JavaScript error: resource://gre/modules/XULStore.jsm, line 66: Error: Can't find profile directory.
[Parent 4356, Gecko_IOThread] WARNING: pipe error: 109: file z:/task_1572875387/build/src/ipc/chromium/src/chrome/common/ipc_channel_win.cc, line 341
[Child 8500, Chrome_ChildThread] WARNING: pipe error: 109: file z:/task_1572875387/build/src/ipc/chromium/src/chrome/common/ipc_channel_win.cc, line 341
[Child 8500, Chrome1573239840696	Marionette	INFO	Listening on port 53447
1573239840899	Marionette	WARN	TLS certificate errors will be ignored for this session
[Parent 4356, Gecko_IOThread] WARNING: pipe error: 109: file z:/task_1572875387/build/src/ipc/chromium/src/chrome/common/ipc_channel_win.cc, line 341
[Child 6016, Chrome_ChildThread] WARNING: pipe error: 109: file z:/task_1572875387/build/src/ipc/chromium/src/chrome/common/ipc_channel_win.cc, line 341
[Child 6016, Chrome_ChildThread] WARNING: pipe error: 109: file z:/[Parent 4356, Gecko_IOThread] WARNING: pipe error: 109: file z:/task_1572875387/build/src/ipc/chromium/src/chrome/common/ipc_channel_win.cc, line 341
[Child 11752, Chrome_ChildThread] WARNING: pipe error: 109: file z:/task_1572875387/build/src/ipc/chromium/src/chrome/common/ipc_channel_win.cc, line 341
[Child 11752, [Parent 4356, Gecko_IOThread] WARNING: pipe error: 109: file z:/task_1572875387/build/src/ipc/chromium/src/chrome/common/ipc_channel_win.cc, line 341
[Parent 4356, Gecko_IOThread] WARNING: pipe error: 109: file z:/task_1572875387/build/src/ipc/chromium/src/chrome/common/ipc_channel_win.cc, line 341
[Child 5688, Chrome_ChildThread] WARNING: pipe error: 109: file z:/task_1572875387/build/src/ipc/c[hroCmiuhmi/ld 3src3/ch6rom0e/c,o mChrome_ChildThread] WARNING: pipe error: 109: fimleo z:/n/task_157i287p5387/builc_cdhan/nserc/ilp_cwin/.ccc, lhroine 341mium/sr
c/chrome/common/ipc_channel_win.cc, line 341
[Child 3360, Chrom[Parent 4356, Gecko_IOThread] WARNING: pipe error: 109: file z:/task_1572875387/build/src/ipc/chromium/src/chrome/common/ipc_channel_win.cc, line 341
[Child 15124, Chrome_ChildThread] WARNING: pipe error: 109: file z:/task_1572875387/build/src/ipc/chromium/src/chrome/common/ipc_channel_win.cc, line 341
[Child 15124, Ch1573240166453	Marionette	INFO	Stopped listening on port 53447

###!!! [Child][RunMessage] Error: Channel closing: too late to send/recv, messages will be lost

[GPU 
###!!! [Child][MessageChannel::SendAndWait] Error: Channel error: cannot send/recv

cc, line 341
JavaScript error: https://tpc.googlesyndication.com/pagead/js/r20191106/r20110914/client/qs_click_protection.js, line 1: NS_ERROR_NOT_INITIALIZED: 
JavaScript error: https://tpc.googlesyndication.com/pagead/js/r20191106/r20110914/client/qs_click_protection.js, line 1: NS_ERROR_NOT_INITIALIZED: 
[Child 12500, Chrome_ChildThread] WARNING: pipe error: 109: file z:/task_1572875387/build/src/ipc/chromium/src/chrome/common/ipc_channel_win.cc, line 341
[Child 12500, Chrome_ChildThread] WARNI[Parent 6484, Gecko_IOThread] WARNING: pipe error: 109: file z:/task_1572875387/build/src/ipc/chromium/src/chrome/common/ipc_channel_win.cc, line 341
[Child 9176, Chrome_ChildThread] WARNING: pipe error: 109: file z:/task_1572875387/build/src/ipc/chromium/src/chrome/common/ipc_channel_win.cc, line 341
[Child 9176, Chrome_C[Parent 6484, Gecko_IOThread] WARNING: pipe error: 109: file z:/task_1572875387/build/src/ipc/chromium/src/chrome/common/ipc_channel_win.cc, line 341
[Child 8628, Chrome_ChildThread] WARNING: pipe error: 109: file z:/task_1572875387/build/src/ipc/chromium/src/chrome/common/ipc_channel_win.cc, line 341
[Child 8628, Chrome_ChildThre[Parent 6484, Gecko_IOThread] WARNING: pipe error: 109: file z:/task_1572875387/build/src/ipc/chromium/src/chrome/common/ipc_channel_win.cc, line 341
[Child 8952, Chrome_ChildThread] WARNING: pipe error: 109: file z:/task_1572875387/build/src/ipc/chromium/src/chrome/common/ipc_channel_win.cc, line 341
[Child 8952, Ch1573240166268	Marionette	INFO	Stopped listening on port 53571

###!!! [Child][MessageChannel::SendAndWait] Error: Channel error: cannot send/recv

1573240264263	mozrunner::runner	INFO	Running command: "C:\\Program Files\\Firefox Developer Edition\\firefox.exe" "-marionette" "-foreground" "-no-remote" "-profile" "C:\\Users\\BHUVAN~1\\AppData\\Local\\Temp\\rust_mozprofileXFLbJ5"
1573240265335	addons.webextension.screenshots@mozilla.org	WARN	Loading extension 'screenshots@mozilla.org': Reading manifest: Invalid extension permission: mozillaAddons
1573240265335	addons.webextension.screenshots@mozilla.org	WARN	Loading extension 'screenshots@mozilla.org': Reading manifest: Invalid extension permission: telemetry
1573240265335	addons.webextension.screenshots@mozilla.org	WARN	Loading extension 'screenshots@mozilla.org': Reading manifest: Invalid extension permission: resource://pdf.js/
1573240265335	addons.webextension.screenshots@mozilla.org	WARN	Loading extension 'screenshots@mozilla.org': Reading manifest: Invalid extension permission: about:reader*
JavaScript error: resource://gre/modules/XULStore.jsm, line 66: Error: Can't find profile directory.
[Parent 14624, Gecko_IOThread] WARNING: pipe error: 109: file z:/task_1572875387/build/src/ipc/chromium/src/chrome/common/ipc_channel_win.cc, line 341
[Child 7780, Chrome_ChildThread] WARNING: pipe error: 109: file z:/task_1572875387/build/src/ipc/chromium/src/chrome/common/ipc_channel_win.cc, line 341
[Child 7780, Chrome_ChildThread] WA1573240268316	Marionette	INFO	Listening on port 53839
1573240268501	Marionette	WARN	TLS certificate errors will be ignored for this session
[Parent 14624, Gecko_IOThread] WARNING: pipe error: 109: file z:/task_1572875387/build/src/ipc/chromium/src/chrome/common/ipc_channel_win.cc, line 341
JavaScript error: https://tpc.googlesyndication.com/pagead/js/r20191106/r20110914/client/qs_click_protection.js, line 1: NS_ERROR_NOT_INITIALIZED: 
JavaScript error: https://tpc.googlesyndication.com/pagead/js/r20191106/r20110914/client/qs_click_protection.js, line 1: NS_ERROR_NOT_INITIALIZED: 
IPDL protocol error: Handler returned error code!

###!!! [Parent][DispatchAsyncMessage] Error: PMessagePort::Msg_PostMessages Processing error: message was deserialized, but the handler returned false (indicating failure)

IPDL protocol error: Handler returned error code!

###!!! [Parent][DispatchAsyncMessage] Error: PMessagePort::Msg_PostMessages Processing error: message was deserialized, but the handler returned false (indicating failure)

JavaScript error: https://tpc.googlesyndication.com/pagead/js/r20191106/r20110914/client/qs_click_protection.js, line 1: NS_ERROR_NOT_INITIALIZED: 
JavaScript error: https://tpc.googlesyndication.com/pagead/js/r20191106/r20110914/client/qs_click_protection.js, line 1: NS_ERROR_NOT_INITIALIZED: 
[Parent 14624, Gecko_IOThread] WARNING: pipe error: 109: file z:/task_1572875387/build/src/ipc/chromium/src/chrome/common/ipc_channel_win.cc, line 341
[Child 6288, Chrome_ChildThread] WARNING: pipe error: 109: file z:/task_1572875387/build/src/ipc/chromium/src/chrome/common/ipc_channel_win.cc, line 341
[Child 6288, Chrome_ChildThread] WARNING: pipe error: 109: file z:[Parent 14624, Gecko_IOThread] WARNING: pipe error: 109: file z:/task_1572875387/build/src/ipc/chromium/src/chrome/common/ipc_channel_win.cc, line 341
[Parent 14624, Gecko_IOThread] WARNING: pipe error: 109: file z:/task_1572875387/build/src/ipc/chromium/src/chrome/common/ipc_channel_win.cc, line 341
[Child 8996, Chrome_ChildThread] WARNING: pipe error: 109: file z:/task_1572875387/build/src/ipc/chromium/src/chrome/common/ipc_channel_win.cc, line 341
[Child 8996, Chrome_ChildThread] WARNING: p[Parent 14624, Gecko_IOThread] WARNING: pipe error: 109: file z:/task_1572875387/build/src/ipc/chromium/src/chrome/common/ipc_channel_win.cc, line 341
[Child 2112, Chrome_ChildThread] WARNING: pipe error: 109: file z:/task_1572875387/build/src/ipc/chromium/src/chrome/common/ipc_channel_win.cc, line 341
[Child 2112, Chr1573240319414	Marionette	INFO	Stopped listening on port 53839

###!!! [Child][RunMessage] Error: Channel closing: too late to send/recv, messages will be lost


###!!! [Child][MessageChannel::SendAndWait] Error: Channel error: cannot send/recv

ITIALIZED: 
[Parent 8124, Gecko_IOThread] WARNING: pipe error: 109: file z:/task_1572875387/build/src/ipc/chromium/src/chrome/common/ipc_channel_win.cc, line 341
[Child 14416, Chrome_ChildThread] WARNING: pipe error: 109: file z:/task_1572875387/build/src/ipc/chromium/src/chrome/common/ipc_channel_win.cc, line 341
[Child 14416, Chrome_IPDL protocol error: Handler returned error code!

###!!! [Parent][DispatchAsyncMessage] Error: PLayerTransaction::Msg_ReleaseLayer Processing error: message was deserialized, but the handler returned false (indicating failure)

IPDL protocol error: Handler returned error code!

###!!! [Parent][DispatchAsyncMessage] Error: PLayerTransaction::Msg_ReleaseLayer Processing error: message was deserialized, but the handler returned false (indicating failure)

IPDL protocol error: Handler returned error code!

###!!! [Parent][DispatchAsyncMessage] Error: PLayerTransaction::Msg_ReleJavaScript error: resource://gre/modules/XULStore.jsm, line 66: Error: Can't find profile directory.
1573240405849	Marionette	INFO	Listening on port 54110
1573240406254	Marionette	WARN	TLS certificate errors will be ignored for this session
JavaScript error: , line 0: uncaught exception: undefined
[Parent 1276, Gecko_IOThread] WARNING: pipe error: 109: file z:/task_1572875387/build/src/ipc/chromium/src/chrome/common/ipc_channel_win.cc, line 341
JavaScript error: https://tpc.googlesyndication.com/pagead/js/r20191106/r20110914/client/qs_click_protection.js, line 1: NS_ERROR_NOT_INITIALIZED: 
JavaScript error: https://tpc.googlesyndication.com/pagead/js/r20191106/r20110914/client/qs_click_protection.js, line 1: NS_ERROR_NOT_INITIALIZED: 
[Parent 1276, Gecko_IOThread] WARNING: pipe error: 109: file z:/task_1572875387/build/src/ipc/chromium/src/chrome/common/ipc_channel_win.cc, line 341
[Parent 1276, Gecko_IOThread] WARNING: pipe error: 109: file z:/task_1572875387/build/src/ipc/chromium/src/chrome/common/ipc_channel_win.cc, line 341
[Child 13864, Chrome_ChildThread] WARNING: pipe error: 109: file z:/task_1572875387/build/src/ipc/chromium/src/chrome/common/ipc_channel_win.cc, line 341
[Child 13864, Chrome_ChildThread] [Child 13480, Chrome_ChildThread] WARNING: pipe error: 109: file z:/task_1572875387/build/src/ipc/chromium/src/chrome/common/ipc_channel_win.cc, line 341
[Child 13480, Chrome_ChildThread] WARNING: pipe error:[Parent 1276, Gecko_IOThread] WARNING: pipe error: 109: file z:/task_1572875387/build/src/ipc/chromium/src/chrome/common/ipc_channel_win.cc, line 341
[Child 15172, Chrome_ChildThread] WARNING: pipe error: 109: file z:/task_1572875387/build/src/ipc/chromium/src/chrome/common/ipc_channel_win.cc, line 341
[Child 15172, Chrome_ChilJavaScript error: , line 0: UnknownError: The operation failed for reasons unrelated to the database itself and not covered by any other error code.
1573240530540	Marionette	INFO	Stopped listening on port 54110

###!!! [Child][RunMessage] Error: Channel closing: too late to send/recv, messages will be lost


###!!! [Child][MessageChannel::SendAndWait] Error: Channel error: cannot send/recv

icating failure)

IPDL protocol error: Handler returned error code!

###!!! [Parent][DispatchAsyncMessage] Error: PLayerTransaction::Msg_ReleaseLayer Processing error: message was deserialized, but the handler returned false (indicating failure)

IPDL protocol error: Handler returned error code!

###!!! [Parent][DispatchAsyncMessage] Error: PLayerTransaction::Msg_ReleaseLayer Processing error: message was deserialized, but the handler returned false (indicating failure)

IPDL protocol error: Handler returned error code!

###!!! [Parent][DispatchAsyncMessage] Error: PLayerTransaction::Msg_ReleaseLayer Processing error: message was deserialized, but the handler returned false (indicating failure)

IPDL protocol error: Handler returned error code!

###!!! [Parent][DispatchAsyncMessage] Error: PLayerTransaction::Msg_ReleaseLayer Processing error: message was deserialized, but the handler returned false (indicating failure)

IPDL protocol error: Handler returned error code!

###!!! [Parent][DispatchAsyncMessage] Error: PLayerTransaction::Msg_ReleaseLayer Processing error: message was deserialized, but the handler returned false (indicating failure)

IPDL protocol error: Handler returned error code!

###!!! [Parent][DispatchAsyncMessage] Error: PLayerTransaction::Msg_ReleaseLayer Processing error: message was deserialized, but the handler returned false (indicating failure)

IPDL protocol error: Handler returned error code!

###!!! [Parent][DispatchAsyncMessage] Error: PLayerTransaction::Msg_ReleaseLayer Processing error: message was deserialized, but the handler returned false (indicating failure)

[Parent 8124, Gecko_IOThread] WARNING: pipe error: 109: file z:/task_1572875387/build/src/ipc/chromium/src/chrome/common/ipc_channel_win.cc, line 341
IPDL protocol error: Handler returned error code!

###!!! [Parent][DispatchAsyncMessage] Error: PLayerTransaction::Msg_ReleaseLayer Processing error: message was deserialized, but the handler returned false (indicating failure)

IPDL protocol error: Handler returned error code!

###!!! [Parent][DispatchAsyncMessage] Error: PLayerTransaction::Msg_ReleaseLayer Processing error: message was deserialized, but the handler returned false (indicating failure)

IPDL protocol error: Handler returned error code!

###!!! [Parent][DispatchAsyncMessage] Error: PLayerTransaction::Msg_ReleaseLayer Processing error: message was deserialized, but the handler returned false (indicating failure)

IPDL protocol error: Handler returned error code!

###!!! [Parent][DispatchAsyncMessage] Error: PLayerTransaction::Msg_ReleaseLayer Processing error: message was deserialized, but the handler returned false (indicating failure)

IPDL protocol error: Handler returned error code!

###!!! [Parent][DispatchAsyncMessage] Error: PLayerTransaction::Msg_ReleaseLayer Processing error: message was deserialized, but the handler returned false (indicating failure)

IPDL protocol error: Handler returned error code!

###!!! [Parent][DispatchAsyncMessage] Error: PLayerTransaction::Msg_ReleaseLayer Processing error: message was deserialized, but the handler returned false (indicating failure)

IPDL protocol error: Handler returned error code!

###!!! [Parent][DispatchAsyncMessage] Error: PLayerTransaction::Msg_ReleaseLayer Processing error: message was deserialized, but the handler returned false (indicating failure)

IPDL protocol error: Handler returned error code!

###!!! [Parent][DispatchAsyncMessage] Error: PLayerTransaction::Msg_ReleaseLayer Processing error: message was deserialized, but the handler returned false (indicating failure)

IPDL protocol error: Handler returned error code!

###!!! [Parent][DispatchAsyncMessage] Error: PLayerTransaction::Msg_ReleaseLayer Processing error: message was deserialized, but the handler returned false (indicating failure)

IPDL protocol error: Handler returned error code!

###!!! [Parent][DispatchAsyncMessage] Error: PLayerTransaction::Msg_ReleaseLayer Processing error: message was deserialized, but the handler returned false (indicating failure)

[Parent 8124, Gecko_IOThread] WARNING: pipe error: 109: file z:/task_1572875387/build/src/ipc/chromium/src/chrome/common/ipc_channel_win.cc, line 341
[Child 5836, Chrome_ChildThread] WARNING: pipe error: 109: file z:/task_1572875387/build/src/ipc/chromium/src/chrome/common/ipc_channel_win.cc, line 341
[Child 5836, Chrome_ChildThread] WARNING: pipe error[Parent 8124, Gecko_IOThread] WARNING: pipe error: 109: file z:/task_1572875387/build/src/ipc/chromium/src/chrome/common/ipc_channel_win.cc, line 341
[Child 10672, Chrome_ChildThread] WARNING: pipe error: 109: file z:/task_1572875387/build/src/ipc/chromium/src/chrome/common/ipc_channel_win.cc, line 341
[Child 10672, ChromeJavaScript error: , line 0: UnknownError: The operation failed for reasons unrelated to the database itself and not covered by any other error code.
1573240404242	Marionette	INFO	Stopped listening on port 53983
[GPU 1
###!!! [Child][RunMessage] Error: Channel closing: too late to send/recv, messages will be lost

4700, Chrome_ChildThread
###!!! [Child][MessageChannel::SendAndWait] Error: Channel error: cannot send/recv

1573240460302	mozrunner::runner	INFO	Running command: "C:\\Program Files\\Firefox Developer Edition\\firefox.exe" "-marionette" "-foreground" "-no-remote" "-profile" "C:\\Users\\BHUVAN~1\\AppData\\Local\\Temp\\rust_mozprofilenNkSfS"
1573240461480	addons.webextension.screenshots@mozilla.org	WARN	Loading extension 'screenshots@mozilla.org': Reading manifest: Invalid extension permission: mozillaAddons
1573240461480	addons.webextension.screenshots@mozilla.org	WARN	Loading extension 'screenshots@mozilla.org': Reading manifest: Invalid extension permission: telemetry
1573240461480	addons.webextension.screenshots@mozilla.org	WARN	Loading extension 'screenshots@mozilla.org': Reading manifest: Invalid extension permission: resource://pdf.js/
1573240461480	addons.webextension.screenshots@mozilla.org	WARN	Loading extension 'screenshots@mozilla.org': Reading manifest: Invalid extension permission: about:reader*
JavaScript error: resource://gre/modules/XULStore.jsm, line 66: Error: Can't find profile directory.
1573240465834	Marionette	INFO	Listening on port 54238
1573240466180	Marionette	WARN	TLS certificate errors will be ignored for this session
JavaScript error: https://tpc.googlesyndication.com/pagead/js/r20191106/r20110914/client/qs_click_protection.js, line 1: NS_ERROR_NOT_INITIALIZED: 
JavaScript error: https://tpc.googlesyndication.com/pagead/js/r20191106/r20110914/client/qs_click_protection.js, line 1: NS_ERROR_NOT_INITIALIZED: 
[Parent 1824, Gecko_IOThread] WARNING: pipe error: 109: file z:/task_1572875387/build/src/ipc/chromium/src/chrome/common/ipc_channel_win.cc, line 341
[Parent 1824, Gecko_IOThread] WARNING: pipe error: 109: file z:/task_1572875387/build/src/ipc/chromium/src/chrome/common/ipc_channel_win.cc, line 341
[Child 15036, Chrome_ChildThread] WARNING: pipe error: 109: file z:/task_1572875387/build/src/ipc/chromium/src/chrome/common/ipc_channel_win.cc, line 341
[Child 15036, Chrom[Parent 1824, Gecko_IOThread] WARNING: pipe error: 109: file z:/task_1572875387/build/src/ipc/chromium/src/chrome/common/ipc_channel_win.cc, line 341
[Parent 1824, Gecko_IOThread] WARNING: pipe error: 109: file z:/task_1572875387/build/src/ipc/chromium/src/chrome/common/ipc_channel_win.cc, line 341
[Child 9748, Chrome_ChildThread] WARNING: pipe error: 109: file z:/task_1572875387/build/src/ipc/chromium/src/chrome/common/ipc_channel_win.cc, line 341
[Child 9748, [Child 4140, Chrome_ChildThread] WARNING: pipe error: 109: file z:/task_1572875387/build/src/ipc/chromium/src/chrome/common/ipc_channel_win.cc, line 341
[Child 4140, Chrome_ChildThread] WARNING: pipe error: 109: file z:/task_1572875387/build/src/ipc/chrom[Parent 1824, Gecko_IOThread] WARNING: pipe error: 109: file z:/task_1572875387/build/src/ipc/chromium/src/chrome/common/ipc_channel_win.cc, line 341
[Child 10456, Chrome_ChildThread] WARNING: pipe error: 109: file z:/task_1572875387/build/src/ipc/chromium/src/chrome/common/ipc_channel_win.cc, line 341
[Child 10456, Chrome_CJavaScript error: , line 0: UnknownError: The operation failed for reasons unrelated to the database itself and not covered by any other error code.
1573240530302	Marionette	INFO	Stopped listening on port 54238

###!!! [Child][RunMessage] Error: Channel closing: too late to send/recv, messages will be lost

[GPU 14896, Chrom
###!!! [Child][MessageChannel::SendAndWait] Error: Channel error: cannot send/recv

1573240592122	mozrunner::runner	INFO	Running command: "C:\\Program Files\\Firefox Developer Edition\\firefox.exe" "-marionette" "-foreground" "-no-remote" "-profile" "C:\\Users\\BHUVAN~1\\AppData\\Local\\Temp\\rust_mozprofileJwtJgw"
1573240592850	addons.webextension.screenshots@mozilla.org	WARN	Loading extension 'screenshots@mozilla.org': Reading manifest: Invalid extension permission: mozillaAddons
1573240592850	addons.webextension.screenshots@mozilla.org	WARN	Loading extension 'screenshots@mozilla.org': Reading manifest: Invalid extension permission: telemetry
1573240592850	addons.webextension.screenshots@mozilla.org	WARN	Loading extension 'screenshots@mozilla.org': Reading manifest: Invalid extension permission: resource://pdf.js/
1573240592850	addons.webextension.screenshots@mozilla.org	WARN	Loading extension 'screenshots@mozilla.org': Reading manifest: Invalid extension permission: about:reader*
JavaScript error: resource://gre/modules/XULStore.jsm, line 66: Error: Can't find profile directory.
[Parent 7460, Gecko_IOThread] WARNING: pipe error: 109: file z:/task_1572875387/build/src/ipc/chromium/src/chrome/common/ipc_channel_win.cc, line 341
[Child 11744, Chrome_ChildThread] WARNING: pipe error: 109: file z:/task_1572875387/build/src/ipc/chromium/src/chrome/common/ipc_channel_win.cc, line 341
[Child 11744, C1573240595770	Marionette	INFO	Listening on port 54353
1573240595864	Marionette	WARN	TLS certificate errors will be ignored for this session
[Parent 7460, Gecko_IOThread] WARNING: pipe error: 109: file z:/task_1572875387/build/src/ipc/chromium/src/chrome/common/ipc_channel_win.cc, line 341
[Parent 7460, Gecko_IOThread] WARNING: pipe error: 109: file z:/task_1572875387/build/src/ipc/chromium/src/chrome/common/ipc_channel_win.cc, line 341
[Child 2968, Chrome_ChildThread] WARNING: pipe error: 109: file z:/task_1572875387/build/src/ipc/chromium/src/chrome/common/ipc_channel_win.cc, line 341
[Child 2968, Chrome_ChildThread] WARNING: pipe err[Child 6276, Chrome_ChildThread] WARNING: pipe error: 109: file z:/task_1572875387/build/src/ipc/chromium/src/chrome/common/ipc_channel_win.cc, line 341
[Child 6276, C[Parent 7460, Gecko_IOThread] WARNING: pipe error: 109: file z:/task_1572875387/build/src/ipc/chromium/src/chrome/common/ipc_channel_win.cc, line 341
[Child 1456, Chrome_ChildThread] WARNING: pipe error: 109: file z:/task_1572875387/build/src/ipc/chromium/src/chrome/common/ipc_channel_win.cc, line 341
[Child 1456, Chrome_ChildT1573240824341	Marionette	INFO	Stopped listening on port 54353

###!!! [Child][RunMessage] Error: Channel closing: too late to send/recv, messages will be lost

[GPU 10388, Chro
###!!! [Child][MessageChannel::SendAndWait] Error: Channel error: cannot send/recv

109: file z:/task_1572875387/build/src/ipc/chromium/src/chrome/common/ipc_channel_win.cc, line 341
JavaScript error: https://tpc.googlesyndication.com/pagead/js/r20191106/r20110914/client/qs_click_protection.js, line 1: NS_ERROR_NOT_INITIALIZED: 
JavaScript error: https://tpc.googlesyndication.com/pagead/js/r20191106/r20110914/client/qs_click_protection.js, line 1: NS_ERROR_NOT_INITIALIZED: 
[Parent 14888, Gecko_IOThread] WARNING: pipe error: 109: file z:/task_1572875387/build/src/ipc/chromium/src/chrome/common/ipc_channel_win.cc, line 341
[Parent 14888, Gecko_IOThread] WARNING: pipe error: 109: file z:/task_1572875387/build/src/ipc/chromium/src/chrome/common/ipc_channel_win.cc, line 341
[Child 8128, Chrome_ChildThread] WARNING: pipe error: 109: file z:/task_1572875387/build/src/ipc/chromium/src/chrome/common/ipc_channel_win.cc, line 341
[Child 8128, Chrome_ChildThread] WARNING: pipe error: 109: file z:/[Child 14684, Chrome_ChildThread] WARNING: pipe error: 109: file z:/task_1572875387/build/src/ipc/chromium/src/chrome/common/ipc_channel_win.cc, line 341
[Child 14684, Chrome_Chi[Parent 14888, Gecko_IOThread] WARNING: pipe error: 109: file z:/task_1572875387/build/src/ipc/chromium/src/chrome/common/ipc_channel_win.cc, line 341
[Child 8720, Chrome_ChildThread] WARNING: pipe error: 109: file z:/task_1572875387/build/src/ipc/chromium/src/chrome/common/ipc_channel_win.cc, line 341
[Child 8720, Chrome_JavaScript error: , line 0: UnknownError: The operation failed for reasons unrelated to the database itself and not covered by any other error code.
1573240826873	Marionette	INFO	Stopped listening on port 54522

###!!! [Child][RunMessage] Error: Channel closing: too late to send/recv, messages will be lost

[GPU 
###!!! [Child][MessageChannel::SendAndWait] Error: Channel error: cannot send/recv

r20110914/client/qs_click_protection.js, line 1: NS_ERROR_NOT_INITIALIZED: 
JavaScript error: https://tpc.googlesyndication.com/pagead/js/r20191106/r20110914/client/qs_click_protection.js, line 1: NS_ERROR_NOT_INITIALIZED: 
[Parent 8224, Gecko_IOThread] WARNING: pipe error: 109: file z:/task_1572875387/build/src/ipc/chromium/src/chrome/common/ipc_channel_win.cc, line 341
[Parent 8224, Gecko_IOThread] WARNING: pipe error: 109: file z:/task_1572875387/build/src/ipc/chromium/src/chrome/common/ipc_channel_win.cc, line 341
[Child 2508, Chrome_ChildThread] WARNING: pipe error: 109: file z:/task_1572875387/build/src/ipc/chromium/src/chrome/common/ipc_channel_win.cc, line 341
[Child 2508, Chrome_ChildThread] WARNING: pipe error: 109: file z:/task_1572875387/build/src/ipc/chromium/src/chrome/common/ipc_channel_win.cc, line 341
[Parent 8224, Gecko_IOThread] WARNING: pipe error: 109: file z:/task_1572875387/build/src/ipc/chromium/src/chrome/common/ipc_channel_win.cc, line 341
[Child 4148, Chrome_ChildThread] WARNING: pipe error: 109: file z:/task_1572875387/build/src/ipc/chromium/src/chrome/common/ipc_channel_win.cc, line 341
[Child 4148, Chrome_ChildThread] WAR[Parent 8224, Gecko_IOThread] WARNING: pipe error: 109: file z:/task_1572875387/build/src/ipc/chromium/src/chrome/common/ipc_channel_win.cc, line 341
[Child 10680, Chrome_ChildThread] WARNING: pipe error: 109: file z:/task_1572875387/build/src/ipc/chromium/src/chrome/common/ipc_channel_win.cc, line 341
[Child 10680, Chrome_CJavaScript error: , line 0: UnknownError: The operation failed for reasons unrelated to the database itself and not covered by any other error code.
1573240828798	Marionette	INFO	Stopped listening on port 54657

###!!! [Child][RunMessage] Error: Channel closing: too late to send/recv, messages will be lost

[GPU 941
###!!! [Child][MessageChannel::SendAndWait] Error: Channel error: cannot send/recv

1573240832566	mozrunner::runner	INFO	Running command: "C:\\Program Files\\Firefox Developer Edition\\firefox.exe" "-marionette" "-foreground" "-no-remote" "-profile" "C:\\Users\\BHUVAN~1\\AppData\\Local\\Temp\\rust_mozprofileaS2x2r"
1573240834262	addons.webextension.screenshots@mozilla.org	WARN	Loading extension 'screenshots@mozilla.org': Reading manifest: Invalid extension permission: mozillaAddons
1573240834262	addons.webextension.screenshots@mozilla.org	WARN	Loading extension 'screenshots@mozilla.org': Reading manifest: Invalid extension permission: telemetry
1573240834262	addons.webextension.screenshots@mozilla.org	WARN	Loading extension 'screenshots@mozilla.org': Reading manifest: Invalid extension permission: resource://pdf.js/
1573240834262	addons.webextension.screenshots@mozilla.org	WARN	Loading extension 'screenshots@mozilla.org': Reading manifest: Invalid extension permission: about:reader*
JavaScript error: resource://gre/modules/XULStore.jsm, line 66: Error: Can't find profile directory.
1573240837391	Marionette	INFO	Listening on port 54777
1573240837489	Marionette	WARN	TLS certificate errors will be ignored for this session
JavaScript error: , line 0: uncaught exception: null
[Parent 13088, Gecko_IOThread] WARNING: pipe error: 109: file z:/task_1572875387/build/src/ipc/chromium/src/chrome/common/ipc_channel_win.cc, line 341
[Parent 13088, Gecko_IOThread] WARNING: pipe error: 109: file z:/task_1572875387/build/src/ipc/chromium/src/chrome/common/ipc_channel_win.cc, line 341
JavaScript error: https://www.google.com/recaptcha/api2/anchor?ar=1&k=6LeLk7sUAAAAAD7jps5jVjEj5BoEprNwE4OtXE6I&co=aHR0cHM6Ly93d3cubGF0bG9uZy5uZXQ6NDQz&hl=en&v=0bBqi43w2fj-Lg1N3qzsqHNu&size=invisible&cb=diplqm1j5r1d, line 182: ReferenceError: recaptcha is not defined
IPDL protocol error: Handler returned error code!

###!!! [Parent][DispatchAsyncMessage] Error: PMessagePort::Msg_PostMessages Processing error: message was deserialized, but the handler returned false (indicating failure)

IPDL protocol error: Handler returned error code!

###!!! [Parent][DispatchAsyncMessage] Error: PMessagePort::Msg_PostMessages Processing error: message was deserialized, but the handler returned false (indicating failure)

JavaScript error: https://tpc.googlesyndication.com/pagead/js/r20191106/r20110914/client/qs_click_protection.js, line 1: NS_ERROR_NOT_INITIALIZED: 
[Parent 13088, Gecko_IOThread] WARNING: pipe error: 109: file z:/task_1572875387/build/src/ipc/chromium/src/chrome/common/ipc_channel_win.cc, line 341
[Parent 13088, Gecko_IOThread] WARNING: pipe error: 109: file z:/task_1572875387/build/src/ipc/chromium/src/chrome/common/ipc_channel_win.cc, line 341
[Parent 13088, Gecko_IOThread] WARNING: pipe error: 109: file z:/task_1572875387/build/src/ipc/chromium/src/chrome/common/ipc_channel_win.cc, line 341
[Parent 13088, Gecko_IOThread] WARNING: pipe error: 109: file z:/task_1572875387/build/src/ipc/chromium/src/chrome/common/ipc_channel_win.cc, line 341
[Parent 13088, Gecko_IOThread] WARNING: pipe error: 109: file z:/task_1572875387/build/src/ipc/chromium/src/chrome/common/ipc_channel_win.cc, line 341
IPDL protocol error: Handler returned error code!

###!!! [Parent][DispatchAsyncMessage] Error: PMessagePort::Msg_PostMessages Processing error: message was deserialized, but the handler returned false (indicating failure)

IPDL protocol error: Handler returned error code!

###!!! [Parent][DispatchAsyncMessage] Error: PMessagePort::Msg_PostMessages Processing error: message was deserialized, but the handler returned false (indicating failure)

IPDL protocol error: Handler returned error code!

###!!! [Parent][DispatchAsyncMessage] Error: PMessagePort::Msg_PostMessages Processing error: message was deserialized, but the handler returned false (indicating failure)

IPDL protocol error: Handler returned error code!

###!!! [Parent][DispatchAsyncMessage] Error: PMessagePort::Msg_PostMessages Processing error: message was deserialized, but the handler returned false (indicating failure)

IPDL protocol error: Handler returned error code!

###!!! [Parent][DispatchAsyncMessage] Error: PMessagePort::Msg_PostMessages Processing error: message was deserialized, but the handler returned false (indicating failure)

IPDL protocol error: Handler returned error code!

###!!! [Parent][DispatchAsyncMessage] Error: PMessagePort::Msg_PostMessages Processing error: message was deserialized, but the handler returned false (indicating failure)

JavaScript error: https://tpc.googlesyndication.com/pagead/js/r20191106/r20110914/client/qs_click_protection.js, line 1: NS_ERROR_NOT_INITIALIZED: 
IPDL protocol error: Handler returned error code!

###!!! [Parent][DispatchAsyncMessage] Error: PMessagePort::Msg_PostMessages Processing error: message was deserialized, but the handler returned false (indicating failure)

IPDL protocol error: Handler returned error code!

###!!! [Parent][DispatchAsyncMessage] Error: PMessagePort::Msg_PostMessages Processing error: message was deserialized, but the handler returned false (indicating failure)

JavaScript error: https://tpc.googlesyndication.com/pagead/js/r20191106/r20110914/client/qs_click_protection.js, line 1: NS_ERROR_NOT_INITIALIZED: 
JavaScript error: https://maps.googleapis.com/maps-api-v3/api/js/38/11/common.js, line 68: NS_ERROR_NOT_INITIALIZED: 
IPDL protocol error: Handler returned error code!

###!!! [Parent][DispatchAsyncMessage] Error: PMessagePort::Msg_PostMessages Processing error: message was deserialized, but the handler returned false (indicating failure)

IPDL protocol error: Handler returned error code!

###!!! [Parent][DispatchAsyncMessage] Error: PMessagePort::Msg_PostMessages Processing error: message was deserialized, but the handler returned false (indicating failure)

[Parent 13088, Gecko_IOThread] WARNING: pipe error: 109: file z:/task_1572875387/build/src/ipc/chromium/src/chrome/common/ipc_channel_win.cc, line 341
JavaScript error: https://maps.googleapis.com/maps-api-v3/api/js/38/11/common.js, line 68: NS_ERROR_NOT_INITIALIZED: 
JavaScript error: https://tpc.googlesyndication.com/pagead/js/r20191106/r20110914/client/qs_click_protection.js, line 1: NS_ERROR_NOT_INITIALIZED: 
[Parent 13088, Gecko_IOThread] WARNING: pipe error: 109: file z:/task_1572875387/build/src/ipc/chromium/src/chrome/common/ipc_channel_win.cc, line 341
JavaScript error: https://tpc.googlesyndication.com/pagead/js/r20191106/r20110914/client/qs_click_protection.js, line 1: NS_ERROR_NOT_INITIALIZED: 
JavaScript error: https://tpc.googlesyndication.com/pagead/js/r20191106/r20110914/client/qs_click_protection.js, line 1: NS_ERROR_NOT_INITIALIZED: 
JavaScript error: https://tpc.googlesyndication.com/pagead/js/r20191106/r20110914/client/qs_click_protection.js, line 1: NS_ERROR_NOT_INITIALIZED: 
[Parent 13088, Gecko_IOThread] WARNING: pipe error: 109: file z:/task_1572875387/build/src/ipc/chromium/src/chrome/common/ipc_channel_win.cc, line 341
JavaScript error: https://tpc.googlesyndication.com/pagead/js/r20191106/r20110914/client/qs_click_protection.js, line 1: NS_ERROR_NOT_INITIALIZED: 
JavaScript error: https://tpc.googlesyndication.com/pagead/js/r20191106/r20110914/client/qs_click_protection.js, line 1: NS_ERROR_NOT_INITIALIZED: 
JavaScript error: https://tpc.googlesyndication.com/pagead/js/r20191106/r20110914/client/qs_click_protection.js, line 1: NS_ERROR_NOT_INITIALIZED: 
JavaScript error: resource:///modules/BrowserContentHandler.jsm, line 354: NS_ERROR_FAILURE: Component returned failure code: 0x80004005 (NS_ERROR_FAILURE) [nsIWindowWatcher.openWindow]
[Parent 13088, Gecko_IOThread] WARNING: pipe error: 109: file z:/task_1572875387/build/src/ipc/chromium/src/chrome/common/ipc_channel_win.cc, line 341
JavaScript error: https://tpc.googlesyndication.com/pagead/js/r20191106/r20110914/client/qs_click_protection.js, line 1: NS_ERROR_NOT_INITIALIZED: 
IPDL protocol error: Handler returned error code!

###!!! [Parent][DispatchAsyncMessage] Error: PMessagePort::Msg_PostMessages Processing error: message was deserialized, but the handler returned false (indicating failure)

IPDL protocol error: Handler returned error code!

###!!! [Parent][DispatchAsyncMessage] Error: PMessagePort::Msg_PostMessages Processing error: message was deserialized, but the handler returned false (indicating failure)

[Parent 13088, Gecko_IOThread] WARNING: pipe error: 109: file z:/task_1572875387/build/src/ipc/chromium/src/chrome/common/ipc_channel_win.cc, line 341
JavaScript error: https://maps.googleapis.com/maps-api-v3/api/js/38/11/common.js, line 68: NS_ERROR_NOT_INITIALIZED: 
[Parent 13088, Gecko_IOThread] WARNING: pipe error: 109: file z:/task_1572875387/build/src/ipc/chromium/src/chrome/common/ipc_channel_win.cc, line 341
JavaScript error: https://tpc.googlesyndication.com/pagead/js/r20191106/r20110914/client/qs_click_protection.js, line 1: NS_ERROR_NOT_INITIALIZED: 
JavaScript error: https://tpc.googlesyndication.com/pagead/js/r20191106/r20110914/client/qs_click_protection.js, line 1: NS_ERROR_NOT_INITIALIZED: 
JavaScript error: https://tpc.googlesyndication.com/pagead/js/r20191106/r20110914/client/qs_click_protection.js, line 1: NS_ERROR_NOT_INITIALIZED: 
JavaScript error: https://maps.googleapis.com/maps-api-v3/api/js/38/11/common.js, line 68: NS_ERROR_NOT_INITIALIZED: 
JavaScript error: https://tpc.googlesyndication.com/pagead/js/r20191106/r20110914/client/qs_click_protection.js, line 1: NS_ERROR_NOT_INITIALIZED: 
JavaScript error: https://tpc.googlesyndication.com/pagead/js/r20191106/r20110914/client/qs_click_protection.js, line 1: NS_ERROR_NOT_INITIALIZED: 
JavaScript error: https://tpc.googlesyndication.com/pagead/js/r20191106/r20110914/client/qs_click_protection.js, line 1: NS_ERROR_NOT_INITIALIZED: 
JavaScript error: https://tpc.googlesyndication.com/pagead/js/r20191106/r20110914/client/qs_click_protection.js, line 1: NS_ERROR_NOT_INITIALIZED: 
[Parent 13088, Gecko_IOThread] WARNING: pipe error: 109: file z:/task_1572875387/build/src/ipc/chromium/src/chrome/common/ipc_channel_win.cc, line 341
JavaScript error: https://tpc.googlesyndication.com/pagead/js/r20191106/r20110914/client/qs_click_protection.js, line 1: NS_ERROR_NOT_INITIALIZED: 
JavaScript error: https://tpc.googlesyndication.com/pagead/js/r20191106/r20110914/client/qs_click_protection.js, line 1: NS_ERROR_NOT_INITIALIZED: 
[Parent 13088, Gecko_IOThread] WARNING: pipe error: 109: file z:/task_1572875387/build/src/ipc/chromium/src/chrome/common/ipc_channel_win.cc, line 341
[Parent 13088, Gecko_IOThread] WARNING: pipe error: 109: file z:/task_1572875387/build/src/ipc/chromium/src/chrome/common/ipc_channel_win.cc, line 341
JavaScript error: https://tpc.googlesyndication.com/pagead/js/r20191106/r20110914/client/qs_click_protection.js, line 1: NS_ERROR_NOT_INITIALIZED: 
JavaScript error: resource://devtools/client/jsonview/converter-observer.js, line 76: NS_ERROR_NOT_AVAILABLE: Component returned failure code: 0x80040111 (NS_ERROR_NOT_AVAILABLE) [nsIChannel.contentType]
[Child 15188, Chrome_ChildThread] WARNING: pipe error: 109: file z:/task_1572875387/build/src/ipc/chromium/src/chrome/common/ipc_channel_win.cc, line 341
[Child 15188, Chrome_ChildThread] WARNING: pipe error: 109: file z:/task_1572875387/build/src/ipc/chromium/src/chrome/common/ipc_channel_win.cc, line 341
[Parent 13088, Gecko_IOThread] WARNING: pipe error: 109: file z:/task_1572875387/build/src/ipc/chromium/src/chrome/common/ipc_channel_win.cc, line 341
[Child 13348, Chrome_ChildThread] WARNING: pipe error: 109: file z:/task_1572875387/build/src/ipc/chromium/src/chrome/common/i[Cpc_hcihlanneld_ win.c15044,c ,Ch rloime_nCe 34h1ildT
hread] WARNING: pipe error: 109: file z:/task_1572875387/build/src/ipc/chromium/src/chrome/common/ipc_channel_win.cc, line 341
[Child 15044, Chrome_ChildT[Parent 13088, Gecko_IOThread] WARNING: pipe error: 109: file z:/task_1572875387/build/src/ipc/chromium/src/chrome/common/ipc_channel_win.cc, line 341
[Child 15308, Chrome_ChildThread] WARNING: pipe error: 109: file z:/task_1572875387/build/src/ipc/chromium/src/chrome/common/ipc_channel_win.cc, line 341
[Child 15308, Chrome1573240896327	Marionette	INFO	Stopped listening on port 54777
[G
###!!! [Child][RunMessage] Error: Channel closing: too late to send/recv, messages will be lost

PU 731
###!!! [Child][MessageChannel::SendAndWait] Error: Channel error: cannot send/recv

